<?xml version="1.0" encoding="UTF-8"?>
<testng-results skipped="0" failed="0" ignored="0" total="1" passed="1">
  <reporter-output>
    <line>
      <![CDATA[<div style="display:block;margin-left:10px;"><div  class="teststeppass"><span class="teststeppass-label">T </span>Given User launch the application</div><div style="display:block;margin-left:10px;"><div  class="info"><span class="info-label">I </span>Test step will execute </div><div  class="info"><span class="info-label">I </span>Driver will intialize</div><div  class="info"><span class="info-label">I </span>Driver intialization is done </div><div  class="info"><span class="info-label">I </span>Command will execute</div><div  class="info"><span class="info-label">I </span>Command is executed </div><div  class="info"><span class="info-label">I </span>Command will execute</div><div  class="info"><span class="info-label">I </span>Command is executed </div><div  class="info"><span class="info-label">I </span>Test step execution is completed</div></div><div  class="teststeppass"><span class="teststeppass-label">T </span>When User selected BUS to book ticket</div><div style="display:block;margin-left:10px;"><div  class="info"><span class="info-label">I </span>Test step will execute </div><div  class="info"><span class="info-label">I </span>Command will execute</div><div  class="info"><span class="info-label">I </span>Command is executed </div><div  class="info"><span class="info-label">I </span>Command will execute</div><div  class="info"><span class="info-label">I </span>Command is executed </div><div  class="info"><span class="info-label">I </span>Command will execute</div><div  class="info"><span class="info-label">I </span>Command is executed </div><div  class="info"><span class="info-label">I </span>WebElement listener before command</div><div  class="info"><span class="info-label">I </span>WebElement listener after command</div><div  class="info"><span class="info-label">I </span>Command will execute</div><div  class="info"><span class="info-label">I </span>Command is executed </div><div  class="info"><span class="info-label">I </span>WebElement listener before command</div><div  class="info"><span class="info-label">I </span>WebElement listener after command</div><div  class="info"><span class="info-label">I </span>Test step execution is completed</div></div><div  class="teststeppass"><span class="teststeppass-label">T </span>And User started booking process</div><div style="display:block;margin-left:10px;"><div  class="info"><span class="info-label">I </span>Test step will execute </div><div  class="info"><span class="info-label">I </span>Command will execute</div><div  class="info"><span class="info-label">I </span>Command is executed </div><div  class="info"><span class="info-label">I </span>Command will execute</div><div  class="info"><span class="info-label">I </span>Command is executed </div><div  class="info"><span class="info-label">I </span>WebElement listener before command</div><div  class="info"><span class="info-label">I </span>WebElement listener after command</div><div  class="info"><span class="info-label">I </span>Command will execute</div><div  class="info"><span class="info-label">I </span>Command is executed </div><div  class="info"><span class="info-label">I </span>WebElement listener before command</div><div  class="info"><span class="info-label">I </span>WebElement listener after command</div><div  class="info"><span class="info-label">I </span>Command will execute</div><div  class="info"><span class="info-label">I </span>Command is executed </div><div  class="info"><span class="info-label">I </span>Command will execute</div><div  class="info"><span class="info-label">I </span>Command is executed </div><div  class="info"><span class="info-label">I </span>WebElement listener before command</div><div  class="info"><span class="info-label">I </span>WebElement listener after command</div><div  class="info"><span class="info-label">I </span>Command will execute</div><div  class="info"><span class="info-label">I </span>Command is executed </div><div  class="info"><span class="info-label">I </span>WebElement listener before command</div><div  class="info"><span class="info-label">I </span>WebElement listener after command</div><div  class="info"><span class="info-label">I </span>Command will execute</div><div  class="info"><span class="info-label">I </span>Command is executed </div><div  class="info"><span class="info-label">I </span>WebElement listener before command</div><div  class="info"><span class="info-label">I </span>WebElement listener after command</div><div  class="info"><span class="info-label">I </span>Command will execute</div><div  class="info"><span class="info-label">I </span>Command is executed </div><div  class="info"><span class="info-label">I </span>Command will execute</div><div  class="info"><span class="info-label">I </span>Command is executed </div><div  class="info"><span class="info-label">I </span>WebElement listener before command</div><div  class="info"><span class="info-label">I </span>WebElement listener after command</div><div  class="info"><span class="info-label">I </span>Command will execute</div><div  class="info"><span class="info-label">I </span>Command is executed </div><div  class="info"><span class="info-label">I </span>WebElement listener before command</div><div  class="info"><span class="info-label">I </span>WebElement listener after command</div><div  class="info"><span class="info-label">I </span>Command will execute</div><div  class="info"><span class="info-label">I </span>Command is executed </div><div  class="info"><span class="info-label">I </span>Command will execute</div><div  class="info"><span class="info-label">I </span>Command is executed </div><div  class="info"><span class="info-label">I </span>WebElement listener before command</div><div  class="info"><span class="info-label">I </span>WebElement listener after command</div><div  class="info"><span class="info-label">I </span>Command will execute</div><div  class="info"><span class="info-label">I </span>Command is executed </div><div  class="info"><span class="info-label">I </span>WebElement listener before command</div><div  class="info"><span class="info-label">I </span>WebElement listener after command</div><div  class="info"><span class="info-label">I </span>Command will execute</div><div  class="info"><span class="info-label">I </span>Command is executed </div><div  class="info"><span class="info-label">I </span>Command will execute</div><div  class="info"><span class="info-label">I </span>Command is executed </div><div  class="info"><span class="info-label">I </span>WebElement listener before command</div><div  class="info"><span class="info-label">I </span>WebElement listener after command</div><div  class="info"><span class="info-label">I </span>Command will execute</div><div  class="info"><span class="info-label">I </span>Command is executed </div><div  class="info"><span class="info-label">I </span>WebElement listener before command</div><div  class="info"><span class="info-label">I </span>WebElement listener after command</div><div  class="info"><span class="info-label">I </span>Command will execute</div><div  class="info"><span class="info-label">I </span>Command is executed </div><div  class="info"><span class="info-label">I </span>WebElement listener before command</div><div  class="info"><span class="info-label">I </span>WebElement listener after command</div><div  class="info"><span class="info-label">I </span>Command will execute</div><div  class="info"><span class="info-label">I </span>Command is executed </div><div  class="info"><span class="info-label">I </span>Command will execute</div><div  class="info"><span class="info-label">I </span>Command is executed </div><div  class="info"><span class="info-label">I </span>WebElement listener before command</div><div  class="info"><span class="info-label">I </span>WebElement listener after command</div><div  class="info"><span class="info-label">I </span>Command will execute</div><div  class="info"><span class="info-label">I </span>Command is executed </div><div  class="info"><span class="info-label">I </span>WebElement listener before command</div><div  class="info"><span class="info-label">I </span>WebElement listener after command</div><div  class="info"><span class="info-label">I </span>Command will execute</div><div  class="info"><span class="info-label">I </span>Command is executed </div><div  class="info"><span class="info-label">I </span>Command will execute</div><div  class="info"><span class="info-label">I </span>Command is executed </div><div  class="info"><span class="info-label">I </span>WebElement listener before command</div><div  class="info"><span class="info-label">I </span>WebElement listener after command</div><div  class="info"><span class="info-label">I </span>Command will execute</div><div  class="info"><span class="info-label">I </span>Command is executed </div><div  class="info"><span class="info-label">I </span>Command will execute</div><div  class="info"><span class="info-label">I </span>Command is executed </div><div  class="info"><span class="info-label">I </span>WebElement listener before command</div><div  class="info"><span class="info-label">I </span>WebElement listener after command</div><div  class="info"><span class="info-label">I </span>Command will execute</div><div  class="info"><span class="info-label">I </span>Command is executed </div><div  class="info"><span class="info-label">I </span>WebElement listener before command</div><div  class="info"><span class="info-label">I </span>WebElement listener after command</div><div  class="info"><span class="info-label">I </span>Test step execution is completed</div></div><div  class="teststeppass"><span class="teststeppass-label">T </span>And User verifying the bus list</div><div style="display:block;margin-left:10px;"><div  class="info"><span class="info-label">I </span>Test step will execute </div><div  class="info"><span class="info-label">I </span>Command will execute</div><div  class="info"><span class="info-label">I </span>Command is executed </div><div  class="pass"><span class="pass-label">P </span>
Expected: a value greater than &lt;0&gt;
     Actual: &lt;7&gt; was greater than &lt;0&gt; <a href="test-results/04_May_2018_02_31_PM/img/BusBooking_1v9lod5b6m3mu3782.png" target="_blank">[View Screenshot]</a> </div><div  class="info"><span class="info-label">I </span>Command will execute</div><div  class="info"><span class="info-label">I </span>Command is executed </div><div  class="info"><span class="info-label">I </span>Command will execute</div><div  class="info"><span class="info-label">I </span>Command is executed </div><div  class="info"><span class="info-label">I </span>WebElement listener before command</div><div  class="info"><span class="info-label">I </span>WebElement listener after command</div><div  class="info"><span class="info-label">I </span>WebElement listener before command</div><div  class="info"><span class="info-label">I </span>WebElement listener after command</div><div  class="info"><span class="info-label">I </span>Starts at 20:30</div><div  class="info"><span class="info-label">I </span>WebElement listener before command</div><div  class="info"><span class="info-label">I </span>WebElement listener after command</div><div  class="info"><span class="info-label">I </span>WebElement listener before command</div><div  class="info"><span class="info-label">I </span>WebElement listener after command</div><div  class="info"><span class="info-label">I </span>07:30</div><div  class="info"><span class="info-label">I </span>WebElement listener before command</div><div  class="info"><span class="info-label">I </span>WebElement listener after command</div><div  class="info"><span class="info-label">I </span>WebElement listener before command</div><div  class="info"><span class="info-label">I </span>WebElement listener after command</div><div  class="info"><span class="info-label">I </span>386</div><div  class="info"><span class="info-label">I </span>WebElement listener before command</div><div  class="info"><span class="info-label">I </span>WebElement listener after command</div><div  class="info"><span class="info-label">I </span>WebElement listener before command</div><div  class="info"><span class="info-label">I </span>WebElement listener after command</div><div  class="info"><span class="info-label">I </span>MAHARASTRA STATE ROAD TRANSPORT CORPORATION</div><div  class="info"><span class="info-label">I </span>WebElement listener before command</div><div  class="info"><span class="info-label">I </span>WebElement listener after command</div><div  class="info"><span class="info-label">I </span>WebElement listener before command</div><div  class="info"><span class="info-label">I </span>WebElement listener after command</div><div  class="info"><span class="info-label">I </span>Starts at 20:30</div><div  class="info"><span class="info-label">I </span>WebElement listener before command</div><div  class="info"><span class="info-label">I </span>WebElement listener after command</div><div  class="info"><span class="info-label">I </span>WebElement listener before command</div><div  class="info"><span class="info-label">I </span>WebElement listener after command</div><div  class="info"><span class="info-label">I </span>07:30</div><div  class="info"><span class="info-label">I </span>WebElement listener before command</div><div  class="info"><span class="info-label">I </span>WebElement listener after command</div><div  class="info"><span class="info-label">I </span>WebElement listener before command</div><div  class="info"><span class="info-label">I </span>WebElement listener after command</div><div  class="info"><span class="info-label">I </span>386</div><div  class="info"><span class="info-label">I </span>WebElement listener before command</div><div  class="info"><span class="info-label">I </span>WebElement listener after command</div><div  class="info"><span class="info-label">I </span>WebElement listener before command</div><div  class="info"><span class="info-label">I </span>WebElement listener after command</div><div  class="info"><span class="info-label">I </span>MAHARASTRA STATE ROAD TRANSPORT CORPORATION</div><div  class="info"><span class="info-label">I </span>WebElement listener before command</div><div  class="info"><span class="info-label">I </span>WebElement listener after command</div><div  class="info"><span class="info-label">I </span>WebElement listener before command</div><div  class="info"><span class="info-label">I </span>WebElement listener after command</div><div  class="info"><span class="info-label">I </span>Starts at 20:30</div><div  class="info"><span class="info-label">I </span>WebElement listener before command</div><div  class="info"><span class="info-label">I </span>WebElement listener after command</div><div  class="info"><span class="info-label">I </span>WebElement listener before command</div><div  class="info"><span class="info-label">I </span>WebElement listener after command</div><div  class="info"><span class="info-label">I </span>07:30</div><div  class="info"><span class="info-label">I </span>WebElement listener before command</div><div  class="info"><span class="info-label">I </span>WebElement listener after command</div><div  class="info"><span class="info-label">I </span>WebElement listener before command</div><div  class="info"><span class="info-label">I </span>WebElement listener after command</div><div  class="info"><span class="info-label">I </span>386</div><div  class="info"><span class="info-label">I </span>WebElement listener before command</div><div  class="info"><span class="info-label">I </span>WebElement listener after command</div><div  class="info"><span class="info-label">I </span>WebElement listener before command</div><div  class="info"><span class="info-label">I </span>WebElement listener after command</div><div  class="info"><span class="info-label">I </span>MAHARASTRA STATE ROAD TRANSPORT CORPORATION</div><div  class="info"><span class="info-label">I </span>WebElement listener before command</div><div  class="info"><span class="info-label">I </span>WebElement listener after command</div><div  class="info"><span class="info-label">I </span>WebElement listener before command</div><div  class="info"><span class="info-label">I </span>WebElement listener after command</div><div  class="info"><span class="info-label">I </span>Starts at 20:30</div><div  class="info"><span class="info-label">I </span>WebElement listener before command</div><div  class="info"><span class="info-label">I </span>WebElement listener after command</div><div  class="info"><span class="info-label">I </span>WebElement listener before command</div><div  class="info"><span class="info-label">I </span>WebElement listener after command</div><div  class="info"><span class="info-label">I </span>07:30</div><div  class="info"><span class="info-label">I </span>WebElement listener before command</div><div  class="info"><span class="info-label">I </span>WebElement listener after command</div><div  class="info"><span class="info-label">I </span>WebElement listener before command</div><div  class="info"><span class="info-label">I </span>WebElement listener after command</div><div  class="info"><span class="info-label">I </span>386</div><div  class="info"><span class="info-label">I </span>WebElement listener before command</div><div  class="info"><span class="info-label">I </span>WebElement listener after command</div><div  class="info"><span class="info-label">I </span>WebElement listener before command</div><div  class="info"><span class="info-label">I </span>WebElement listener after command</div><div  class="info"><span class="info-label">I </span>MAHARASTRA STATE ROAD TRANSPORT CORPORATION</div><div  class="info"><span class="info-label">I </span>WebElement listener before command</div><div  class="info"><span class="info-label">I </span>WebElement listener after command</div><div  class="info"><span class="info-label">I </span>WebElement listener before command</div><div  class="info"><span class="info-label">I </span>WebElement listener after command</div><div  class="info"><span class="info-label">I </span>Starts at 20:30</div><div  class="info"><span class="info-label">I </span>WebElement listener before command</div><div  class="info"><span class="info-label">I </span>WebElement listener after command</div><div  class="info"><span class="info-label">I </span>WebElement listener before command</div><div  class="info"><span class="info-label">I </span>WebElement listener after command</div><div  class="info"><span class="info-label">I </span>07:30</div><div  class="info"><span class="info-label">I </span>WebElement listener before command</div><div  class="info"><span class="info-label">I </span>WebElement listener after command</div><div  class="info"><span class="info-label">I </span>WebElement listener before command</div><div  class="info"><span class="info-label">I </span>WebElement listener after command</div><div  class="info"><span class="info-label">I </span>386</div><div  class="info"><span class="info-label">I </span>WebElement listener before command</div><div  class="info"><span class="info-label">I </span>WebElement listener after command</div><div  class="info"><span class="info-label">I </span>WebElement listener before command</div><div  class="info"><span class="info-label">I </span>WebElement listener after command</div><div  class="info"><span class="info-label">I </span>MAHARASTRA STATE ROAD TRANSPORT CORPORATION</div><div  class="info"><span class="info-label">I </span>WebElement listener before command</div><div  class="info"><span class="info-label">I </span>WebElement listener after command</div><div  class="info"><span class="info-label">I </span>WebElement listener before command</div><div  class="info"><span class="info-label">I </span>WebElement listener after command</div><div  class="info"><span class="info-label">I </span>Starts at 20:30</div><div  class="info"><span class="info-label">I </span>WebElement listener before command</div><div  class="info"><span class="info-label">I </span>WebElement listener after command</div><div  class="info"><span class="info-label">I </span>WebElement listener before command</div><div  class="info"><span class="info-label">I </span>WebElement listener after command</div><div  class="info"><span class="info-label">I </span>07:30</div><div  class="info"><span class="info-label">I </span>WebElement listener before command</div><div  class="info"><span class="info-label">I </span>WebElement listener after command</div><div  class="info"><span class="info-label">I </span>WebElement listener before command</div><div  class="info"><span class="info-label">I </span>WebElement listener after command</div><div  class="info"><span class="info-label">I </span>386</div><div  class="info"><span class="info-label">I </span>WebElement listener before command</div><div  class="info"><span class="info-label">I </span>WebElement listener after command</div><div  class="info"><span class="info-label">I </span>WebElement listener before command</div><div  class="info"><span class="info-label">I </span>WebElement listener after command</div><div  class="info"><span class="info-label">I </span>MAHARASTRA STATE ROAD TRANSPORT CORPORATION</div><div  class="info"><span class="info-label">I </span>WebElement listener before command</div><div  class="info"><span class="info-label">I </span>WebElement listener after command</div><div  class="info"><span class="info-label">I </span>WebElement listener before command</div><div  class="info"><span class="info-label">I </span>WebElement listener after command</div><div  class="info"><span class="info-label">I </span>Starts at 20:30</div><div  class="info"><span class="info-label">I </span>WebElement listener before command</div><div  class="info"><span class="info-label">I </span>WebElement listener after command</div><div  class="info"><span class="info-label">I </span>WebElement listener before command</div><div  class="info"><span class="info-label">I </span>WebElement listener after command</div><div  class="info"><span class="info-label">I </span>07:30</div><div  class="info"><span class="info-label">I </span>WebElement listener before command</div><div  class="info"><span class="info-label">I </span>WebElement listener after command</div><div  class="info"><span class="info-label">I </span>WebElement listener before command</div><div  class="info"><span class="info-label">I </span>WebElement listener after command</div><div  class="info"><span class="info-label">I </span>386</div><div  class="info"><span class="info-label">I </span>WebElement listener before command</div><div  class="info"><span class="info-label">I </span>WebElement listener after command</div><div  class="info"><span class="info-label">I </span>WebElement listener before command</div><div  class="info"><span class="info-label">I </span>WebElement listener after command</div><div  class="info"><span class="info-label">I </span>MAHARASTRA STATE ROAD TRANSPORT CORPORATION</div><div  class="info"><span class="info-label">I </span>Test step execution is completed</div></div></div>]]>
    </line>
  </reporter-output>
  <suite name="perfecto_assignment_team2.scenarios.BusBooking_Goibibo.bdd" duration-ms="130198" started-at="2018-05-04T09:01:04Z" finished-at="2018-05-04T09:03:14Z">
    <groups>
      <group name="P1">
        <method signature="scenarios.BusBooking_Goibibo.bdd.BusBooking()[pri:1000, instance:com.qmetry.qaf.automation.step.client.Scenario@3e8]" name="BusBooking" class="com.qmetry.qaf.automation.step.client.Scenario"/>
      </group> <!-- P1 -->
      <group name="P2">
        <method signature="scenarios.BusBooking_Goibibo.bdd.BusBooking()[pri:1000, instance:com.qmetry.qaf.automation.step.client.Scenario@3e8]" name="BusBooking" class="com.qmetry.qaf.automation.step.client.Scenario"/>
      </group> <!-- P2 -->
      <group name="SMOKE">
        <method signature="scenarios.BusBooking_Goibibo.bdd.BusBooking()[pri:1000, instance:com.qmetry.qaf.automation.step.client.Scenario@3e8]" name="BusBooking" class="com.qmetry.qaf.automation.step.client.Scenario"/>
      </group> <!-- SMOKE -->
    </groups>
    <test name="BDD Test" duration-ms="130198" started-at="2018-05-04T09:01:04Z" finished-at="2018-05-04T09:03:14Z">
      <class name="com.qmetry.qaf.automation.step.client.Scenario">
        <test-method status="PASS" signature="setupSuit(org.testng.ITestContext)[pri:0, instance:com.qmetry.qaf.automation.step.client.Scenario@3e8]" test-instance-name="BusBooking" name="setupSuit" is-config="true" duration-ms="24" started-at="2018-05-04T14:31:04Z" finished-at="2018-05-04T14:31:04Z">
          <params>
            <param index="0">
              <value>
                <![CDATA[org.testng.TestRunner@36c88a32]]>
              </value>
            </param>
          </params>
          <reporter-output>
          </reporter-output>
        </test-method> <!-- setupSuit -->
        <test-method status="PASS" signature="setupTest(org.testng.ITestContext)[pri:0, instance:com.qmetry.qaf.automation.step.client.Scenario@3e8]" test-instance-name="BusBooking" name="setupTest" is-config="true" duration-ms="3" started-at="2018-05-04T14:31:04Z" finished-at="2018-05-04T14:31:04Z">
          <params>
            <param index="0">
              <value>
                <![CDATA[org.testng.TestRunner@36c88a32]]>
              </value>
            </param>
          </params>
          <reporter-output>
          </reporter-output>
        </test-method> <!-- setupTest -->
        <test-method status="PASS" signature="setup(org.testng.ITestContext)[pri:0, instance:com.qmetry.qaf.automation.step.client.Scenario@3e8]" test-instance-name="BusBooking" name="setup" is-config="true" duration-ms="3" started-at="2018-05-04T14:31:04Z" finished-at="2018-05-04T14:31:04Z">
          <params>
            <param index="0">
              <value>
                <![CDATA[org.testng.TestRunner@36c88a32]]>
              </value>
            </param>
          </params>
          <reporter-output>
          </reporter-output>
        </test-method> <!-- setup -->
        <test-method status="PASS" signature="setupMethod(java.lang.reflect.Method, org.testng.ITestContext)[pri:0, instance:com.qmetry.qaf.automation.step.client.Scenario@3e8]" test-instance-name="BusBooking" name="setupMethod" is-config="true" duration-ms="1" started-at="2018-05-04T14:31:04Z" finished-at="2018-05-04T14:31:04Z">
          <params>
            <param index="0">
              <value>
                <![CDATA[public void com.qmetry.qaf.automation.step.client.Scenario.scenario()]]>
              </value>
            </param>
            <param index="1">
              <value>
                <![CDATA[org.testng.TestRunner@36c88a32]]>
              </value>
            </param>
          </params>
          <reporter-output>
          </reporter-output>
        </test-method> <!-- setupMethod -->
        <test-method status="PASS" signature="BusBooking()[pri:1000, instance:com.qmetry.qaf.automation.step.client.Scenario@3e8]" test-instance-name="BusBooking" name="BusBooking" duration-ms="110036" started-at="2018-05-04T14:31:04Z" description="Busticketbooking" finished-at="2018-05-04T14:32:54Z">
          <reporter-output>
            <line>
              <![CDATA[<div style="display:block;margin-left:10px;"><div  class="teststeppass"><span class="teststeppass-label">T </span>Given User launch the application</div><div style="display:block;margin-left:10px;"><div  class="info"><span class="info-label">I </span>Test step will execute </div><div  class="info"><span class="info-label">I </span>Driver will intialize</div><div  class="info"><span class="info-label">I </span>Driver intialization is done </div><div  class="info"><span class="info-label">I </span>Command will execute</div><div  class="info"><span class="info-label">I </span>Command is executed </div><div  class="info"><span class="info-label">I </span>Command will execute</div><div  class="info"><span class="info-label">I </span>Command is executed </div><div  class="info"><span class="info-label">I </span>Test step execution is completed</div></div><div  class="teststeppass"><span class="teststeppass-label">T </span>When User selected BUS to book ticket</div><div style="display:block;margin-left:10px;"><div  class="info"><span class="info-label">I </span>Test step will execute </div><div  class="info"><span class="info-label">I </span>Command will execute</div><div  class="info"><span class="info-label">I </span>Command is executed </div><div  class="info"><span class="info-label">I </span>Command will execute</div><div  class="info"><span class="info-label">I </span>Command is executed </div><div  class="info"><span class="info-label">I </span>Command will execute</div><div  class="info"><span class="info-label">I </span>Command is executed </div><div  class="info"><span class="info-label">I </span>WebElement listener before command</div><div  class="info"><span class="info-label">I </span>WebElement listener after command</div><div  class="info"><span class="info-label">I </span>Command will execute</div><div  class="info"><span class="info-label">I </span>Command is executed </div><div  class="info"><span class="info-label">I </span>WebElement listener before command</div><div  class="info"><span class="info-label">I </span>WebElement listener after command</div><div  class="info"><span class="info-label">I </span>Test step execution is completed</div></div><div  class="teststeppass"><span class="teststeppass-label">T </span>And User started booking process</div><div style="display:block;margin-left:10px;"><div  class="info"><span class="info-label">I </span>Test step will execute </div><div  class="info"><span class="info-label">I </span>Command will execute</div><div  class="info"><span class="info-label">I </span>Command is executed </div><div  class="info"><span class="info-label">I </span>Command will execute</div><div  class="info"><span class="info-label">I </span>Command is executed </div><div  class="info"><span class="info-label">I </span>WebElement listener before command</div><div  class="info"><span class="info-label">I </span>WebElement listener after command</div><div  class="info"><span class="info-label">I </span>Command will execute</div><div  class="info"><span class="info-label">I </span>Command is executed </div><div  class="info"><span class="info-label">I </span>WebElement listener before command</div><div  class="info"><span class="info-label">I </span>WebElement listener after command</div><div  class="info"><span class="info-label">I </span>Command will execute</div><div  class="info"><span class="info-label">I </span>Command is executed </div><div  class="info"><span class="info-label">I </span>Command will execute</div><div  class="info"><span class="info-label">I </span>Command is executed </div><div  class="info"><span class="info-label">I </span>WebElement listener before command</div><div  class="info"><span class="info-label">I </span>WebElement listener after command</div><div  class="info"><span class="info-label">I </span>Command will execute</div><div  class="info"><span class="info-label">I </span>Command is executed </div><div  class="info"><span class="info-label">I </span>WebElement listener before command</div><div  class="info"><span class="info-label">I </span>WebElement listener after command</div><div  class="info"><span class="info-label">I </span>Command will execute</div><div  class="info"><span class="info-label">I </span>Command is executed </div><div  class="info"><span class="info-label">I </span>WebElement listener before command</div><div  class="info"><span class="info-label">I </span>WebElement listener after command</div><div  class="info"><span class="info-label">I </span>Command will execute</div><div  class="info"><span class="info-label">I </span>Command is executed </div><div  class="info"><span class="info-label">I </span>Command will execute</div><div  class="info"><span class="info-label">I </span>Command is executed </div><div  class="info"><span class="info-label">I </span>WebElement listener before command</div><div  class="info"><span class="info-label">I </span>WebElement listener after command</div><div  class="info"><span class="info-label">I </span>Command will execute</div><div  class="info"><span class="info-label">I </span>Command is executed </div><div  class="info"><span class="info-label">I </span>WebElement listener before command</div><div  class="info"><span class="info-label">I </span>WebElement listener after command</div><div  class="info"><span class="info-label">I </span>Command will execute</div><div  class="info"><span class="info-label">I </span>Command is executed </div><div  class="info"><span class="info-label">I </span>Command will execute</div><div  class="info"><span class="info-label">I </span>Command is executed </div><div  class="info"><span class="info-label">I </span>WebElement listener before command</div><div  class="info"><span class="info-label">I </span>WebElement listener after command</div><div  class="info"><span class="info-label">I </span>Command will execute</div><div  class="info"><span class="info-label">I </span>Command is executed </div><div  class="info"><span class="info-label">I </span>WebElement listener before command</div><div  class="info"><span class="info-label">I </span>WebElement listener after command</div><div  class="info"><span class="info-label">I </span>Command will execute</div><div  class="info"><span class="info-label">I </span>Command is executed </div><div  class="info"><span class="info-label">I </span>Command will execute</div><div  class="info"><span class="info-label">I </span>Command is executed </div><div  class="info"><span class="info-label">I </span>WebElement listener before command</div><div  class="info"><span class="info-label">I </span>WebElement listener after command</div><div  class="info"><span class="info-label">I </span>Command will execute</div><div  class="info"><span class="info-label">I </span>Command is executed </div><div  class="info"><span class="info-label">I </span>WebElement listener before command</div><div  class="info"><span class="info-label">I </span>WebElement listener after command</div><div  class="info"><span class="info-label">I </span>Command will execute</div><div  class="info"><span class="info-label">I </span>Command is executed </div><div  class="info"><span class="info-label">I </span>WebElement listener before command</div><div  class="info"><span class="info-label">I </span>WebElement listener after command</div><div  class="info"><span class="info-label">I </span>Command will execute</div><div  class="info"><span class="info-label">I </span>Command is executed </div><div  class="info"><span class="info-label">I </span>Command will execute</div><div  class="info"><span class="info-label">I </span>Command is executed </div><div  class="info"><span class="info-label">I </span>WebElement listener before command</div><div  class="info"><span class="info-label">I </span>WebElement listener after command</div><div  class="info"><span class="info-label">I </span>Command will execute</div><div  class="info"><span class="info-label">I </span>Command is executed </div><div  class="info"><span class="info-label">I </span>WebElement listener before command</div><div  class="info"><span class="info-label">I </span>WebElement listener after command</div><div  class="info"><span class="info-label">I </span>Command will execute</div><div  class="info"><span class="info-label">I </span>Command is executed </div><div  class="info"><span class="info-label">I </span>Command will execute</div><div  class="info"><span class="info-label">I </span>Command is executed </div><div  class="info"><span class="info-label">I </span>WebElement listener before command</div><div  class="info"><span class="info-label">I </span>WebElement listener after command</div><div  class="info"><span class="info-label">I </span>Command will execute</div><div  class="info"><span class="info-label">I </span>Command is executed </div><div  class="info"><span class="info-label">I </span>Command will execute</div><div  class="info"><span class="info-label">I </span>Command is executed </div><div  class="info"><span class="info-label">I </span>WebElement listener before command</div><div  class="info"><span class="info-label">I </span>WebElement listener after command</div><div  class="info"><span class="info-label">I </span>Command will execute</div><div  class="info"><span class="info-label">I </span>Command is executed </div><div  class="info"><span class="info-label">I </span>WebElement listener before command</div><div  class="info"><span class="info-label">I </span>WebElement listener after command</div><div  class="info"><span class="info-label">I </span>Test step execution is completed</div></div><div  class="teststeppass"><span class="teststeppass-label">T </span>And User verifying the bus list</div><div style="display:block;margin-left:10px;"><div  class="info"><span class="info-label">I </span>Test step will execute </div><div  class="info"><span class="info-label">I </span>Command will execute</div><div  class="info"><span class="info-label">I </span>Command is executed </div><div  class="pass"><span class="pass-label">P </span>
Expected: a value greater than &lt;0&gt;
     Actual: &lt;7&gt; was greater than &lt;0&gt; <a href="test-results/04_May_2018_02_31_PM/img/BusBooking_1v9lod5b6m3mu3782.png" target="_blank">[View Screenshot]</a> </div><div  class="info"><span class="info-label">I </span>Command will execute</div><div  class="info"><span class="info-label">I </span>Command is executed </div><div  class="info"><span class="info-label">I </span>Command will execute</div><div  class="info"><span class="info-label">I </span>Command is executed </div><div  class="info"><span class="info-label">I </span>WebElement listener before command</div><div  class="info"><span class="info-label">I </span>WebElement listener after command</div><div  class="info"><span class="info-label">I </span>WebElement listener before command</div><div  class="info"><span class="info-label">I </span>WebElement listener after command</div><div  class="info"><span class="info-label">I </span>Starts at 20:30</div><div  class="info"><span class="info-label">I </span>WebElement listener before command</div><div  class="info"><span class="info-label">I </span>WebElement listener after command</div><div  class="info"><span class="info-label">I </span>WebElement listener before command</div><div  class="info"><span class="info-label">I </span>WebElement listener after command</div><div  class="info"><span class="info-label">I </span>07:30</div><div  class="info"><span class="info-label">I </span>WebElement listener before command</div><div  class="info"><span class="info-label">I </span>WebElement listener after command</div><div  class="info"><span class="info-label">I </span>WebElement listener before command</div><div  class="info"><span class="info-label">I </span>WebElement listener after command</div><div  class="info"><span class="info-label">I </span>386</div><div  class="info"><span class="info-label">I </span>WebElement listener before command</div><div  class="info"><span class="info-label">I </span>WebElement listener after command</div><div  class="info"><span class="info-label">I </span>WebElement listener before command</div><div  class="info"><span class="info-label">I </span>WebElement listener after command</div><div  class="info"><span class="info-label">I </span>MAHARASTRA STATE ROAD TRANSPORT CORPORATION</div><div  class="info"><span class="info-label">I </span>WebElement listener before command</div><div  class="info"><span class="info-label">I </span>WebElement listener after command</div><div  class="info"><span class="info-label">I </span>WebElement listener before command</div><div  class="info"><span class="info-label">I </span>WebElement listener after command</div><div  class="info"><span class="info-label">I </span>Starts at 20:30</div><div  class="info"><span class="info-label">I </span>WebElement listener before command</div><div  class="info"><span class="info-label">I </span>WebElement listener after command</div><div  class="info"><span class="info-label">I </span>WebElement listener before command</div><div  class="info"><span class="info-label">I </span>WebElement listener after command</div><div  class="info"><span class="info-label">I </span>07:30</div><div  class="info"><span class="info-label">I </span>WebElement listener before command</div><div  class="info"><span class="info-label">I </span>WebElement listener after command</div><div  class="info"><span class="info-label">I </span>WebElement listener before command</div><div  class="info"><span class="info-label">I </span>WebElement listener after command</div><div  class="info"><span class="info-label">I </span>386</div><div  class="info"><span class="info-label">I </span>WebElement listener before command</div><div  class="info"><span class="info-label">I </span>WebElement listener after command</div><div  class="info"><span class="info-label">I </span>WebElement listener before command</div><div  class="info"><span class="info-label">I </span>WebElement listener after command</div><div  class="info"><span class="info-label">I </span>MAHARASTRA STATE ROAD TRANSPORT CORPORATION</div><div  class="info"><span class="info-label">I </span>WebElement listener before command</div><div  class="info"><span class="info-label">I </span>WebElement listener after command</div><div  class="info"><span class="info-label">I </span>WebElement listener before command</div><div  class="info"><span class="info-label">I </span>WebElement listener after command</div><div  class="info"><span class="info-label">I </span>Starts at 20:30</div><div  class="info"><span class="info-label">I </span>WebElement listener before command</div><div  class="info"><span class="info-label">I </span>WebElement listener after command</div><div  class="info"><span class="info-label">I </span>WebElement listener before command</div><div  class="info"><span class="info-label">I </span>WebElement listener after command</div><div  class="info"><span class="info-label">I </span>07:30</div><div  class="info"><span class="info-label">I </span>WebElement listener before command</div><div  class="info"><span class="info-label">I </span>WebElement listener after command</div><div  class="info"><span class="info-label">I </span>WebElement listener before command</div><div  class="info"><span class="info-label">I </span>WebElement listener after command</div><div  class="info"><span class="info-label">I </span>386</div><div  class="info"><span class="info-label">I </span>WebElement listener before command</div><div  class="info"><span class="info-label">I </span>WebElement listener after command</div><div  class="info"><span class="info-label">I </span>WebElement listener before command</div><div  class="info"><span class="info-label">I </span>WebElement listener after command</div><div  class="info"><span class="info-label">I </span>MAHARASTRA STATE ROAD TRANSPORT CORPORATION</div><div  class="info"><span class="info-label">I </span>WebElement listener before command</div><div  class="info"><span class="info-label">I </span>WebElement listener after command</div><div  class="info"><span class="info-label">I </span>WebElement listener before command</div><div  class="info"><span class="info-label">I </span>WebElement listener after command</div><div  class="info"><span class="info-label">I </span>Starts at 20:30</div><div  class="info"><span class="info-label">I </span>WebElement listener before command</div><div  class="info"><span class="info-label">I </span>WebElement listener after command</div><div  class="info"><span class="info-label">I </span>WebElement listener before command</div><div  class="info"><span class="info-label">I </span>WebElement listener after command</div><div  class="info"><span class="info-label">I </span>07:30</div><div  class="info"><span class="info-label">I </span>WebElement listener before command</div><div  class="info"><span class="info-label">I </span>WebElement listener after command</div><div  class="info"><span class="info-label">I </span>WebElement listener before command</div><div  class="info"><span class="info-label">I </span>WebElement listener after command</div><div  class="info"><span class="info-label">I </span>386</div><div  class="info"><span class="info-label">I </span>WebElement listener before command</div><div  class="info"><span class="info-label">I </span>WebElement listener after command</div><div  class="info"><span class="info-label">I </span>WebElement listener before command</div><div  class="info"><span class="info-label">I </span>WebElement listener after command</div><div  class="info"><span class="info-label">I </span>MAHARASTRA STATE ROAD TRANSPORT CORPORATION</div><div  class="info"><span class="info-label">I </span>WebElement listener before command</div><div  class="info"><span class="info-label">I </span>WebElement listener after command</div><div  class="info"><span class="info-label">I </span>WebElement listener before command</div><div  class="info"><span class="info-label">I </span>WebElement listener after command</div><div  class="info"><span class="info-label">I </span>Starts at 20:30</div><div  class="info"><span class="info-label">I </span>WebElement listener before command</div><div  class="info"><span class="info-label">I </span>WebElement listener after command</div><div  class="info"><span class="info-label">I </span>WebElement listener before command</div><div  class="info"><span class="info-label">I </span>WebElement listener after command</div><div  class="info"><span class="info-label">I </span>07:30</div><div  class="info"><span class="info-label">I </span>WebElement listener before command</div><div  class="info"><span class="info-label">I </span>WebElement listener after command</div><div  class="info"><span class="info-label">I </span>WebElement listener before command</div><div  class="info"><span class="info-label">I </span>WebElement listener after command</div><div  class="info"><span class="info-label">I </span>386</div><div  class="info"><span class="info-label">I </span>WebElement listener before command</div><div  class="info"><span class="info-label">I </span>WebElement listener after command</div><div  class="info"><span class="info-label">I </span>WebElement listener before command</div><div  class="info"><span class="info-label">I </span>WebElement listener after command</div><div  class="info"><span class="info-label">I </span>MAHARASTRA STATE ROAD TRANSPORT CORPORATION</div><div  class="info"><span class="info-label">I </span>WebElement listener before command</div><div  class="info"><span class="info-label">I </span>WebElement listener after command</div><div  class="info"><span class="info-label">I </span>WebElement listener before command</div><div  class="info"><span class="info-label">I </span>WebElement listener after command</div><div  class="info"><span class="info-label">I </span>Starts at 20:30</div><div  class="info"><span class="info-label">I </span>WebElement listener before command</div><div  class="info"><span class="info-label">I </span>WebElement listener after command</div><div  class="info"><span class="info-label">I </span>WebElement listener before command</div><div  class="info"><span class="info-label">I </span>WebElement listener after command</div><div  class="info"><span class="info-label">I </span>07:30</div><div  class="info"><span class="info-label">I </span>WebElement listener before command</div><div  class="info"><span class="info-label">I </span>WebElement listener after command</div><div  class="info"><span class="info-label">I </span>WebElement listener before command</div><div  class="info"><span class="info-label">I </span>WebElement listener after command</div><div  class="info"><span class="info-label">I </span>386</div><div  class="info"><span class="info-label">I </span>WebElement listener before command</div><div  class="info"><span class="info-label">I </span>WebElement listener after command</div><div  class="info"><span class="info-label">I </span>WebElement listener before command</div><div  class="info"><span class="info-label">I </span>WebElement listener after command</div><div  class="info"><span class="info-label">I </span>MAHARASTRA STATE ROAD TRANSPORT CORPORATION</div><div  class="info"><span class="info-label">I </span>WebElement listener before command</div><div  class="info"><span class="info-label">I </span>WebElement listener after command</div><div  class="info"><span class="info-label">I </span>WebElement listener before command</div><div  class="info"><span class="info-label">I </span>WebElement listener after command</div><div  class="info"><span class="info-label">I </span>Starts at 20:30</div><div  class="info"><span class="info-label">I </span>WebElement listener before command</div><div  class="info"><span class="info-label">I </span>WebElement listener after command</div><div  class="info"><span class="info-label">I </span>WebElement listener before command</div><div  class="info"><span class="info-label">I </span>WebElement listener after command</div><div  class="info"><span class="info-label">I </span>07:30</div><div  class="info"><span class="info-label">I </span>WebElement listener before command</div><div  class="info"><span class="info-label">I </span>WebElement listener after command</div><div  class="info"><span class="info-label">I </span>WebElement listener before command</div><div  class="info"><span class="info-label">I </span>WebElement listener after command</div><div  class="info"><span class="info-label">I </span>386</div><div  class="info"><span class="info-label">I </span>WebElement listener before command</div><div  class="info"><span class="info-label">I </span>WebElement listener after command</div><div  class="info"><span class="info-label">I </span>WebElement listener before command</div><div  class="info"><span class="info-label">I </span>WebElement listener after command</div><div  class="info"><span class="info-label">I </span>MAHARASTRA STATE ROAD TRANSPORT CORPORATION</div><div  class="info"><span class="info-label">I </span>Test step execution is completed</div></div></div>]]>
            </line>
          </reporter-output>
        </test-method> <!-- BusBooking -->
        <test-method status="PASS" signature="afterMethod(org.testng.ITestContext, org.testng.ITestResult)[pri:0, instance:com.qmetry.qaf.automation.step.client.Scenario@3e8]" test-instance-name="BusBooking" name="afterMethod" is-config="true" duration-ms="1" started-at="2018-05-04T14:32:54Z" finished-at="2018-05-04T14:32:54Z">
          <params>
            <param index="0">
              <value>
                <![CDATA[org.testng.TestRunner@36c88a32]]>
              </value>
            </param>
            <param index="1">
              <value>
                <![CDATA[[TestResult name=BusBooking status=SUCCESS method=scenarios.BusBooking_Goibibo.bdd.BusBooking()[pri:1000, instance:com.qmetry.qaf.automation.step.client.Scenario@3e8] output=<div style="display:block;margin-left:10px;"><div  class="teststeppass"><span class="teststeppass-label">T </span>Given User launch the application</div><div style="display:block;margin-left:10px;"><div  class="info"><span class="info-label">I </span>Test step will execute </div><div  class="info"><span class="info-label">I </span>Driver will intialize</div><div  class="info"><span class="info-label">I </span>Driver intialization is done </div><div  class="info"><span class="info-label">I </span>Command will execute</div><div  class="info"><span class="info-label">I </span>Command is executed </div><div  class="info"><span class="info-label">I </span>Command will execute</div><div  class="info"><span class="info-label">I </span>Command is executed </div><div  class="info"><span class="info-label">I </span>Test step execution is completed</div></div><div  class="teststeppass"><span class="teststeppass-label">T </span>When User selected BUS to book ticket</div><div style="display:block;margin-left:10px;"><div  class="info"><span class="info-label">I </span>Test step will execute </div><div  class="info"><span class="info-label">I </span>Command will execute</div><div  class="info"><span class="info-label">I </span>Command is executed </div><div  class="info"><span class="info-label">I </span>Command will execute</div><div  class="info"><span class="info-label">I </span>Command is executed </div><div  class="info"><span class="info-label">I </span>Command will execute</div><div  class="info"><span class="info-label">I </span>Command is executed </div><div  class="info"><span class="info-label">I </span>WebElement listener before command</div><div  class="info"><span class="info-label">I </span>WebElement listener after command</div><div  class="info"><span class="info-label">I </span>Command will execute</div><div  class="info"><span class="info-label">I </span>Command is executed </div><div  class="info"><span class="info-label">I </span>WebElement listener before command</div><div  class="info"><span class="info-label">I </span>WebElement listener after command</div><div  class="info"><span class="info-label">I </span>Test step execution is completed</div></div><div  class="teststeppass"><span class="teststeppass-label">T </span>And User started booking process</div><div style="display:block;margin-left:10px;"><div  class="info"><span class="info-label">I </span>Test step will execute </div><div  class="info"><span class="info-label">I </span>Command will execute</div><div  class="info"><span class="info-label">I </span>Command is executed </div><div  class="info"><span class="info-label">I </span>Command will execute</div><div  class="info"><span class="info-label">I </span>Command is executed </div><div  class="info"><span class="info-label">I </span>WebElement listener before command</div><div  class="info"><span class="info-label">I </span>WebElement listener after command</div><div  class="info"><span class="info-label">I </span>Command will execute</div><div  class="info"><span class="info-label">I </span>Command is executed </div><div  class="info"><span class="info-label">I </span>WebElement listener before command</div><div  class="info"><span class="info-label">I </span>WebElement listener after command</div><div  class="info"><span class="info-label">I </span>Command will execute</div><div  class="info"><span class="info-label">I </span>Command is executed </div><div  class="info"><span class="info-label">I </span>Command will execute</div><div  class="info"><span class="info-label">I </span>Command is executed </div><div  class="info"><span class="info-label">I </span>WebElement listener before command</div><div  class="info"><span class="info-label">I </span>WebElement listener after command</div><div  class="info"><span class="info-label">I </span>Command will execute</div><div  class="info"><span class="info-label">I </span>Command is executed </div><div  class="info"><span class="info-label">I </span>WebElement listener before command</div><div  class="info"><span class="info-label">I </span>WebElement listener after command</div><div  class="info"><span class="info-label">I </span>Command will execute</div><div  class="info"><span class="info-label">I </span>Command is executed </div><div  class="info"><span class="info-label">I </span>WebElement listener before command</div><div  class="info"><span class="info-label">I </span>WebElement listener after command</div><div  class="info"><span class="info-label">I </span>Command will execute</div><div  class="info"><span class="info-label">I </span>Command is executed </div><div  class="info"><span class="info-label">I </span>Command will execute</div><div  class="info"><span class="info-label">I </span>Command is executed </div><div  class="info"><span class="info-label">I </span>WebElement listener before command</div><div  class="info"><span class="info-label">I </span>WebElement listener after command</div><div  class="info"><span class="info-label">I </span>Command will execute</div><div  class="info"><span class="info-label">I </span>Command is executed </div><div  class="info"><span class="info-label">I </span>WebElement listener before command</div><div  class="info"><span class="info-label">I </span>WebElement listener after command</div><div  class="info"><span class="info-label">I </span>Command will execute</div><div  class="info"><span class="info-label">I </span>Command is executed </div><div  class="info"><span class="info-label">I </span>Command will execute</div><div  class="info"><span class="info-label">I </span>Command is executed </div><div  class="info"><span class="info-label">I </span>WebElement listener before command</div><div  class="info"><span class="info-label">I </span>WebElement listener after command</div><div  class="info"><span class="info-label">I </span>Command will execute</div><div  class="info"><span class="info-label">I </span>Command is executed </div><div  class="info"><span class="info-label">I </span>WebElement listener before command</div><div  class="info"><span class="info-label">I </span>WebElement listener after command</div><div  class="info"><span class="info-label">I </span>Command will execute</div><div  class="info"><span class="info-label">I </span>Command is executed </div><div  class="info"><span class="info-label">I </span>Command will execute</div><div  class="info"><span class="info-label">I </span>Command is executed </div><div  class="info"><span class="info-label">I </span>WebElement listener before command</div><div  class="info"><span class="info-label">I </span>WebElement listener after command</div><div  class="info"><span class="info-label">I </span>Command will execute</div><div  class="info"><span class="info-label">I </span>Command is executed </div><div  class="info"><span class="info-label">I </span>WebElement listener before command</div><div  class="info"><span class="info-label">I </span>WebElement listener after command</div><div  class="info"><span class="info-label">I </span>Command will execute</div><div  class="info"><span class="info-label">I </span>Command is executed </div><div  class="info"><span class="info-label">I </span>WebElement listener before command</div><div  class="info"><span class="info-label">I </span>WebElement listener after command</div><div  class="info"><span class="info-label">I </span>Command will execute</div><div  class="info"><span class="info-label">I </span>Command is executed </div><div  class="info"><span class="info-label">I </span>Command will execute</div><div  class="info"><span class="info-label">I </span>Command is executed </div><div  class="info"><span class="info-label">I </span>WebElement listener before command</div><div  class="info"><span class="info-label">I </span>WebElement listener after command</div><div  class="info"><span class="info-label">I </span>Command will execute</div><div  class="info"><span class="info-label">I </span>Command is executed </div><div  class="info"><span class="info-label">I </span>WebElement listener before command</div><div  class="info"><span class="info-label">I </span>WebElement listener after command</div><div  class="info"><span class="info-label">I </span>Command will execute</div><div  class="info"><span class="info-label">I </span>Command is executed </div><div  class="info"><span class="info-label">I </span>Command will execute</div><div  class="info"><span class="info-label">I </span>Command is executed </div><div  class="info"><span class="info-label">I </span>WebElement listener before command</div><div  class="info"><span class="info-label">I </span>WebElement listener after command</div><div  class="info"><span class="info-label">I </span>Command will execute</div><div  class="info"><span class="info-label">I </span>Command is executed </div><div  class="info"><span class="info-label">I </span>Command will execute</div><div  class="info"><span class="info-label">I </span>Command is executed </div><div  class="info"><span class="info-label">I </span>WebElement listener before command</div><div  class="info"><span class="info-label">I </span>WebElement listener after command</div><div  class="info"><span class="info-label">I </span>Command will execute</div><div  class="info"><span class="info-label">I </span>Command is executed </div><div  class="info"><span class="info-label">I </span>WebElement listener before command</div><div  class="info"><span class="info-label">I </span>WebElement listener after command</div><div  class="info"><span class="info-label">I </span>Test step execution is completed</div></div><div  class="teststeppass"><span class="teststeppass-label">T </span>And User verifying the bus list</div><div style="display:block;margin-left:10px;"><div  class="info"><span class="info-label">I </span>Test step will execute </div><div  class="info"><span class="info-label">I </span>Command will execute</div><div  class="info"><span class="info-label">I </span>Command is executed </div><div  class="pass"><span class="pass-label">P </span>
Expected: a value greater than &lt;0&gt;
     Actual: &lt;7&gt; was greater than &lt;0&gt; <a href="test-results/04_May_2018_02_31_PM/img/BusBooking_1v9lod5b6m3mu3782.png" target="_blank">[View Screenshot]</a> </div><div  class="info"><span class="info-label">I </span>Command will execute</div><div  class="info"><span class="info-label">I </span>Command is executed </div><div  class="info"><span class="info-label">I </span>Command will execute</div><div  class="info"><span class="info-label">I </span>Command is executed </div><div  class="info"><span class="info-label">I </span>WebElement listener before command</div><div  class="info"><span class="info-label">I </span>WebElement listener after command</div><div  class="info"><span class="info-label">I </span>WebElement listener before command</div><div  class="info"><span class="info-label">I </span>WebElement listener after command</div><div  class="info"><span class="info-label">I </span>Starts at 20:30</div><div  class="info"><span class="info-label">I </span>WebElement listener before command</div><div  class="info"><span class="info-label">I </span>WebElement listener after command</div><div  class="info"><span class="info-label">I </span>WebElement listener before command</div><div  class="info"><span class="info-label">I </span>WebElement listener after command</div><div  class="info"><span class="info-label">I </span>07:30</div><div  class="info"><span class="info-label">I </span>WebElement listener before command</div><div  class="info"><span class="info-label">I </span>WebElement listener after command</div><div  class="info"><span class="info-label">I </span>WebElement listener before command</div><div  class="info"><span class="info-label">I </span>WebElement listener after command</div><div  class="info"><span class="info-label">I </span>386</div><div  class="info"><span class="info-label">I </span>WebElement listener before command</div><div  class="info"><span class="info-label">I </span>WebElement listener after command</div><div  class="info"><span class="info-label">I </span>WebElement listener before command</div><div  class="info"><span class="info-label">I </span>WebElement listener after command</div><div  class="info"><span class="info-label">I </span>MAHARASTRA STATE ROAD TRANSPORT CORPORATION</div><div  class="info"><span class="info-label">I </span>WebElement listener before command</div><div  class="info"><span class="info-label">I </span>WebElement listener after command</div><div  class="info"><span class="info-label">I </span>WebElement listener before command</div><div  class="info"><span class="info-label">I </span>WebElement listener after command</div><div  class="info"><span class="info-label">I </span>Starts at 20:30</div><div  class="info"><span class="info-label">I </span>WebElement listener before command</div><div  class="info"><span class="info-label">I </span>WebElement listener after command</div><div  class="info"><span class="info-label">I </span>WebElement listener before command</div><div  class="info"><span class="info-label">I </span>WebElement listener after command</div><div  class="info"><span class="info-label">I </span>07:30</div><div  class="info"><span class="info-label">I </span>WebElement listener before command</div><div  class="info"><span class="info-label">I </span>WebElement listener after command</div><div  class="info"><span class="info-label">I </span>WebElement listener before command</div><div  class="info"><span class="info-label">I </span>WebElement listener after command</div><div  class="info"><span class="info-label">I </span>386</div><div  class="info"><span class="info-label">I </span>WebElement listener before command</div><div  class="info"><span class="info-label">I </span>WebElement listener after command</div><div  class="info"><span class="info-label">I </span>WebElement listener before command</div><div  class="info"><span class="info-label">I </span>WebElement listener after command</div><div  class="info"><span class="info-label">I </span>MAHARASTRA STATE ROAD TRANSPORT CORPORATION</div><div  class="info"><span class="info-label">I </span>WebElement listener before command</div><div  class="info"><span class="info-label">I </span>WebElement listener after command</div><div  class="info"><span class="info-label">I </span>WebElement listener before command</div><div  class="info"><span class="info-label">I </span>WebElement listener after command</div><div  class="info"><span class="info-label">I </span>Starts at 20:30</div><div  class="info"><span class="info-label">I </span>WebElement listener before command</div><div  class="info"><span class="info-label">I </span>WebElement listener after command</div><div  class="info"><span class="info-label">I </span>WebElement listener before command</div><div  class="info"><span class="info-label">I </span>WebElement listener after command</div><div  class="info"><span class="info-label">I </span>07:30</div><div  class="info"><span class="info-label">I </span>WebElement listener before command</div><div  class="info"><span class="info-label">I </span>WebElement listener after command</div><div  class="info"><span class="info-label">I </span>WebElement listener before command</div><div  class="info"><span class="info-label">I </span>WebElement listener after command</div><div  class="info"><span class="info-label">I </span>386</div><div  class="info"><span class="info-label">I </span>WebElement listener before command</div><div  class="info"><span class="info-label">I </span>WebElement listener after command</div><div  class="info"><span class="info-label">I </span>WebElement listener before command</div><div  class="info"><span class="info-label">I </span>WebElement listener after command</div><div  class="info"><span class="info-label">I </span>MAHARASTRA STATE ROAD TRANSPORT CORPORATION</div><div  class="info"><span class="info-label">I </span>WebElement listener before command</div><div  class="info"><span class="info-label">I </span>WebElement listener after command</div><div  class="info"><span class="info-label">I </span>WebElement listener before command</div><div  class="info"><span class="info-label">I </span>WebElement listener after command</div><div  class="info"><span class="info-label">I </span>Starts at 20:30</div><div  class="info"><span class="info-label">I </span>WebElement listener before command</div><div  class="info"><span class="info-label">I </span>WebElement listener after command</div><div  class="info"><span class="info-label">I </span>WebElement listener before command</div><div  class="info"><span class="info-label">I </span>WebElement listener after command</div><div  class="info"><span class="info-label">I </span>07:30</div><div  class="info"><span class="info-label">I </span>WebElement listener before command</div><div  class="info"><span class="info-label">I </span>WebElement listener after command</div><div  class="info"><span class="info-label">I </span>WebElement listener before command</div><div  class="info"><span class="info-label">I </span>WebElement listener after command</div><div  class="info"><span class="info-label">I </span>386</div><div  class="info"><span class="info-label">I </span>WebElement listener before command</div><div  class="info"><span class="info-label">I </span>WebElement listener after command</div><div  class="info"><span class="info-label">I </span>WebElement listener before command</div><div  class="info"><span class="info-label">I </span>WebElement listener after command</div><div  class="info"><span class="info-label">I </span>MAHARASTRA STATE ROAD TRANSPORT CORPORATION</div><div  class="info"><span class="info-label">I </span>WebElement listener before command</div><div  class="info"><span class="info-label">I </span>WebElement listener after command</div><div  class="info"><span class="info-label">I </span>WebElement listener before command</div><div  class="info"><span class="info-label">I </span>WebElement listener after command</div><div  class="info"><span class="info-label">I </span>Starts at 20:30</div><div  class="info"><span class="info-label">I </span>WebElement listener before command</div><div  class="info"><span class="info-label">I </span>WebElement listener after command</div><div  class="info"><span class="info-label">I </span>WebElement listener before command</div><div  class="info"><span class="info-label">I </span>WebElement listener after command</div><div  class="info"><span class="info-label">I </span>07:30</div><div  class="info"><span class="info-label">I </span>WebElement listener before command</div><div  class="info"><span class="info-label">I </span>WebElement listener after command</div><div  class="info"><span class="info-label">I </span>WebElement listener before command</div><div  class="info"><span class="info-label">I </span>WebElement listener after command</div><div  class="info"><span class="info-label">I </span>386</div><div  class="info"><span class="info-label">I </span>WebElement listener before command</div><div  class="info"><span class="info-label">I </span>WebElement listener after command</div><div  class="info"><span class="info-label">I </span>WebElement listener before command</div><div  class="info"><span class="info-label">I </span>WebElement listener after command</div><div  class="info"><span class="info-label">I </span>MAHARASTRA STATE ROAD TRANSPORT CORPORATION</div><div  class="info"><span class="info-label">I </span>WebElement listener before command</div><div  class="info"><span class="info-label">I </span>WebElement listener after command</div><div  class="info"><span class="info-label">I </span>WebElement listener before command</div><div  class="info"><span class="info-label">I </span>WebElement listener after command</div><div  class="info"><span class="info-label">I </span>Starts at 20:30</div><div  class="info"><span class="info-label">I </span>WebElement listener before command</div><div  class="info"><span class="info-label">I </span>WebElement listener after command</div><div  class="info"><span class="info-label">I </span>WebElement listener before command</div><div  class="info"><span class="info-label">I </span>WebElement listener after command</div><div  class="info"><span class="info-label">I </span>07:30</div><div  class="info"><span class="info-label">I </span>WebElement listener before command</div><div  class="info"><span class="info-label">I </span>WebElement listener after command</div><div  class="info"><span class="info-label">I </span>WebElement listener before command</div><div  class="info"><span class="info-label">I </span>WebElement listener after command</div><div  class="info"><span class="info-label">I </span>386</div><div  class="info"><span class="info-label">I </span>WebElement listener before command</div><div  class="info"><span class="info-label">I </span>WebElement listener after command</div><div  class="info"><span class="info-label">I </span>WebElement listener before command</div><div  class="info"><span class="info-label">I </span>WebElement listener after command</div><div  class="info"><span class="info-label">I </span>MAHARASTRA STATE ROAD TRANSPORT CORPORATION</div><div  class="info"><span class="info-label">I </span>WebElement listener before command</div><div  class="info"><span class="info-label">I </span>WebElement listener after command</div><div  class="info"><span class="info-label">I </span>WebElement listener before command</div><div  class="info"><span class="info-label">I </span>WebElement listener after command</div><div  class="info"><span class="info-label">I </span>Starts at 20:30</div><div  class="info"><span class="info-label">I </span>WebElement listener before command</div><div  class="info"><span class="info-label">I </span>WebElement listener after command</div><div  class="info"><span class="info-label">I </span>WebElement listener before command</div><div  class="info"><span class="info-label">I </span>WebElement listener after command</div><div  class="info"><span class="info-label">I </span>07:30</div><div  class="info"><span class="info-label">I </span>WebElement listener before command</div><div  class="info"><span class="info-label">I </span>WebElement listener after command</div><div  class="info"><span class="info-label">I </span>WebElement listener before command</div><div  class="info"><span class="info-label">I </span>WebElement listener after command</div><div  class="info"><span class="info-label">I </span>386</div><div  class="info"><span class="info-label">I </span>WebElement listener before command</div><div  class="info"><span class="info-label">I </span>WebElement listener after command</div><div  class="info"><span class="info-label">I </span>WebElement listener before command</div><div  class="info"><span class="info-label">I </span>WebElement listener after command</div><div  class="info"><span class="info-label">I </span>MAHARASTRA STATE ROAD TRANSPORT CORPORATION</div><div  class="info"><span class="info-label">I </span>Test step execution is completed</div></div></div>]]]>
              </value>
            </param>
          </params>
          <reporter-output>
          </reporter-output>
        </test-method> <!-- afterMethod -->
        <test-method status="PASS" signature="afterClass(org.testng.ITestContext)[pri:0, instance:com.qmetry.qaf.automation.step.client.Scenario@3e8]" test-instance-name="BusBooking" name="afterClass" is-config="true" duration-ms="1" started-at="2018-05-04T14:32:54Z" finished-at="2018-05-04T14:32:54Z">
          <params>
            <param index="0">
              <value>
                <![CDATA[org.testng.TestRunner@36c88a32]]>
              </value>
            </param>
          </params>
          <reporter-output>
          </reporter-output>
        </test-method> <!-- afterClass -->
        <test-method status="PASS" signature="afterTest(org.testng.ITestContext)[pri:0, instance:com.qmetry.qaf.automation.step.client.Scenario@3e8]" test-instance-name="BusBooking" name="afterTest" is-config="true" duration-ms="20091" started-at="2018-05-04T14:32:54Z" finished-at="2018-05-04T14:33:14Z">
          <params>
            <param index="0">
              <value>
                <![CDATA[org.testng.TestRunner@36c88a32]]>
              </value>
            </param>
          </params>
          <reporter-output>
          </reporter-output>
        </test-method> <!-- afterTest -->
        <test-method status="PASS" signature="afterSuit(org.testng.ITestContext)[pri:0, instance:com.qmetry.qaf.automation.step.client.Scenario@3e8]" test-instance-name="BusBooking" name="afterSuit" is-config="true" duration-ms="2" started-at="2018-05-04T14:33:14Z" finished-at="2018-05-04T14:33:14Z">
          <params>
            <param index="0">
              <value>
                <![CDATA[org.testng.TestRunner@36c88a32]]>
              </value>
            </param>
          </params>
          <reporter-output>
          </reporter-output>
        </test-method> <!-- afterSuit -->
      </class> <!-- com.qmetry.qaf.automation.step.client.Scenario -->
    </test> <!-- BDD Test -->
  </suite> <!-- perfecto_assignment_team2.scenarios.BusBooking_Goibibo.bdd -->
</testng-results>
