<?xml version="1.0" encoding="UTF-8"?>
<testng-results skipped="1" failed="0" ignored="0" total="1" passed="0">
  <reporter-output>
    <line>
      <![CDATA[<div style="display:block;margin-left:10px;"><div  class="teststepfail"><span class="teststepfail-label">T </span>Given i opened the application</div><div style="display:block;margin-left:10px;"><div  class="fail"><span class="fail-label">F </span>Timed out after 0 seconds: Unable to create driver instance in 1st attempt with retry timeout of 0 seconds. You can check/set value of 'driver.init.retry.timeout' appropriately to set retry timeout on driver initialization failure.
Failed to execute command handset open: Cannot open device C996B233C51A72F3E80DB75A7CB580F200F398E8 for user is_user1@infostretch.com, device is in use.
Command duration or timeout: 1.67 seconds
Build info: version: '2.53.0', revision: '35ae25b1534ae328c771e0856c93e187490ca824', time: '2016-03-15 10:43:46'
System info: host: 'ICPL12782', ip: '192.168.81.2', os.name: 'Windows 10', os.arch: 'amd64', os.version: '10.0', java.version: '1.8.0_161'
Driver info: com.qmetry.qaf.automation.ui.webdriver.QAFExtendedWebDriver</div></div><div  class="teststep"><span class="teststep-label">T </span>When Closing the application to restart</div><div  class="teststep"><span class="teststep-label">T </span>And User clicking on bus button</div><div  class="teststep"><span class="teststep-label">T </span>And User click on origin city</div><div  class="teststep"><span class="teststep-label">T </span>And User enter origin city</div><div  class="teststep"><span class="teststep-label">T </span>And User slelecting the origin city</div><div  class="teststep"><span class="teststep-label">T </span>And User clicking on the destination btn</div><div  class="teststep"><span class="teststep-label">T </span>And User entering destination city</div><div  class="teststep"><span class="teststep-label">T </span>Then User clicks on calendar btn</div><div  class="teststep"><span class="teststep-label">T </span>And User clicks buses search btn</div></div>]]>
    </line>
  </reporter-output>
  <suite name="perfecto_assignment_team2.scenarios.BusBooking_Goibibo.bdd" duration-ms="2988" started-at="2018-05-02T11:40:38Z" finished-at="2018-05-02T11:40:41Z">
    <groups>
      <group name="P1">
        <method signature="scenarios.BusBooking_Goibibo.bdd.BusBooking()[pri:1000, instance:com.qmetry.qaf.automation.step.client.Scenario@3e8]" name="BusBooking" class="com.qmetry.qaf.automation.step.client.Scenario"/>
      </group> <!-- P1 -->
      <group name="P2">
        <method signature="scenarios.BusBooking_Goibibo.bdd.BusBooking()[pri:1000, instance:com.qmetry.qaf.automation.step.client.Scenario@3e8]" name="BusBooking" class="com.qmetry.qaf.automation.step.client.Scenario"/>
      </group> <!-- P2 -->
      <group name="SMOKE">
        <method signature="scenarios.BusBooking_Goibibo.bdd.BusBooking()[pri:1000, instance:com.qmetry.qaf.automation.step.client.Scenario@3e8]" name="BusBooking" class="com.qmetry.qaf.automation.step.client.Scenario"/>
      </group> <!-- SMOKE -->
    </groups>
    <test name="BDD Test" duration-ms="2988" started-at="2018-05-02T11:40:38Z" finished-at="2018-05-02T11:40:41Z">
      <class name="com.qmetry.qaf.automation.step.client.Scenario">
        <test-method status="PASS" signature="setupSuit(org.testng.ITestContext)[pri:0, instance:com.qmetry.qaf.automation.step.client.Scenario@3e8]" test-instance-name="BusBooking" name="setupSuit" is-config="true" duration-ms="22" started-at="2018-05-02T17:10:38Z" finished-at="2018-05-02T17:10:38Z">
          <params>
            <param index="0">
              <value>
                <![CDATA[org.testng.TestRunner@79b06cab]]>
              </value>
            </param>
          </params>
          <reporter-output>
          </reporter-output>
        </test-method> <!-- setupSuit -->
        <test-method status="PASS" signature="setupTest(org.testng.ITestContext)[pri:0, instance:com.qmetry.qaf.automation.step.client.Scenario@3e8]" test-instance-name="BusBooking" name="setupTest" is-config="true" duration-ms="3" started-at="2018-05-02T17:10:38Z" finished-at="2018-05-02T17:10:38Z">
          <params>
            <param index="0">
              <value>
                <![CDATA[org.testng.TestRunner@79b06cab]]>
              </value>
            </param>
          </params>
          <reporter-output>
          </reporter-output>
        </test-method> <!-- setupTest -->
        <test-method status="PASS" signature="setup(org.testng.ITestContext)[pri:0, instance:com.qmetry.qaf.automation.step.client.Scenario@3e8]" test-instance-name="BusBooking" name="setup" is-config="true" duration-ms="4" started-at="2018-05-02T17:10:38Z" finished-at="2018-05-02T17:10:38Z">
          <params>
            <param index="0">
              <value>
                <![CDATA[org.testng.TestRunner@79b06cab]]>
              </value>
            </param>
          </params>
          <reporter-output>
          </reporter-output>
        </test-method> <!-- setup -->
        <test-method status="PASS" signature="setupMethod(java.lang.reflect.Method, org.testng.ITestContext)[pri:0, instance:com.qmetry.qaf.automation.step.client.Scenario@3e8]" test-instance-name="BusBooking" name="setupMethod" is-config="true" duration-ms="1" started-at="2018-05-02T17:10:38Z" finished-at="2018-05-02T17:10:38Z">
          <params>
            <param index="0">
              <value>
                <![CDATA[public void com.qmetry.qaf.automation.step.client.Scenario.scenario()]]>
              </value>
            </param>
            <param index="1">
              <value>
                <![CDATA[org.testng.TestRunner@79b06cab]]>
              </value>
            </param>
          </params>
          <reporter-output>
          </reporter-output>
        </test-method> <!-- setupMethod -->
        <test-method status="SKIP" signature="BusBooking()[pri:1000, instance:com.qmetry.qaf.automation.step.client.Scenario@3e8]" test-instance-name="BusBooking" name="BusBooking" duration-ms="2893" started-at="2018-05-02T17:10:38Z" description="Busticketbooking" finished-at="2018-05-02T17:10:41Z">
          <exception class="com.qmetry.qaf.automation.core.AutomationError">
            <message>
              <![CDATA[Timed out after 0 seconds: Unable to create driver instance in 1st attempt with retry timeout of 0 seconds. You can check/set value of 'driver.init.retry.timeout' appropriately to set retry timeout on driver initialization failure.
Failed to execute command handset open: Cannot open device C996B233C51A72F3E80DB75A7CB580F200F398E8 for user is_user1@infostretch.com, device is in use.
Command duration or timeout: 1.67 seconds
Build info: version: '2.53.0', revision: '35ae25b1534ae328c771e0856c93e187490ca824', time: '2016-03-15 10:43:46'
System info: host: 'ICPL12782', ip: '192.168.81.2', os.name: 'Windows 10', os.arch: 'amd64', os.version: '10.0', java.version: '1.8.0_161'
Driver info: com.qmetry.qaf.automation.ui.webdriver.QAFExtendedWebDriver]]>
            </message>
            <full-stacktrace>
              <![CDATA[com.qmetry.qaf.automation.core.AutomationError: Timed out after 0 seconds: Unable to create driver instance in 1st attempt with retry timeout of 0 seconds. You can check/set value of 'driver.init.retry.timeout' appropriately to set retry timeout on driver initialization failure.
Failed to execute command handset open: Cannot open device C996B233C51A72F3E80DB75A7CB580F200F398E8 for user is_user1@infostretch.com, device is in use.
Command duration or timeout: 1.67 seconds
Build info: version: '2.53.0', revision: '35ae25b1534ae328c771e0856c93e187490ca824', time: '2016-03-15 10:43:46'
System info: host: 'ICPL12782', ip: '192.168.81.2', os.name: 'Windows 10', os.arch: 'amd64', os.version: '10.0', java.version: '1.8.0_161'
Driver info: com.qmetry.qaf.automation.ui.webdriver.QAFExtendedWebDriver
	at .Given i opened the application(scenarios/BusBooking_Goibibo.bdd:7)
	at org.openqa.selenium.remote.ErrorHandler.createThrowable(ErrorHandler.java:206)
	at org.openqa.selenium.remote.ErrorHandler.throwIfResponseFailed(ErrorHandler.java:158)
	at org.openqa.selenium.remote.RemoteWebDriver.execute(RemoteWebDriver.java:678)
	at com.qmetry.qaf.automation.ui.webdriver.QAFExtendedWebDriver.execute(QAFExtendedWebDriver.java:234)
	at org.openqa.selenium.remote.RemoteWebDriver.startSession(RemoteWebDriver.java:249)
	at org.openqa.selenium.remote.RemoteWebDriver.<init>(RemoteWebDriver.java:131)
	at org.openqa.selenium.remote.RemoteWebDriver.<init>(RemoteWebDriver.java:158)
	at com.qmetry.qaf.automation.ui.webdriver.QAFExtendedWebDriver.<init>(QAFExtendedWebDriver.java:93)
	at com.qmetry.qaf.automation.ui.UiDriverFactory$Browsers.getDriver(UiDriverFactory.java:459)
	at com.qmetry.qaf.automation.ui.UiDriverFactory$Browsers.access$5(UiDriverFactory.java:438)
	at com.qmetry.qaf.automation.ui.UiDriverFactory.getDriver(UiDriverFactory.java:227)
	at com.qmetry.qaf.automation.ui.UiDriverFactory.get(UiDriverFactory.java:94)
	at com.qmetry.qaf.automation.core.QAFTestBase$DriverInitExpectedCondition.apply(QAFTestBase.java:511)
	at com.qmetry.qaf.automation.core.QAFTestBase$DriverInitExpectedCondition.apply(QAFTestBase.java:1)
	at org.openqa.selenium.support.ui.FluentWait.until(FluentWait.java:238)
	at com.qmetry.qaf.automation.core.QAFTestBase.init(QAFTestBase.java:410)
	at com.qmetry.qaf.automation.core.QAFTestBase.getUiDriver(QAFTestBase.java:198)
	at com.qmetry.qaf.automation.ui.WebDriverTestBase.getDriver(WebDriverTestBase.java:47)
	at com.qmetry.qaf.automation.ui.WebDriverTestBase.getDriver(WebDriverTestBase.java:1)
	at com.qmetry.qaf.automation.ui.AbstractTestPage.<init>(AbstractTestPage.java:86)
	at com.qmetry.qaf.automation.ui.AbstractTestPage.<init>(AbstractTestPage.java:93)
	at com.qmetry.qaf.automation.ui.WebDriverBaseTestPage.<init>(WebDriverBaseTestPage.java:62)
	at com.qmetry.qaf.automation.ui.WebDriverBaseTestPage.<init>(WebDriverBaseTestPage.java:58)
	at com.perfecto.steps.Busbooking.<init>(Busbooking.java:22)
	at java.lang.Class.newInstance(Class.java:442)
	at com.qmetry.qaf.automation.step.JavaStep.getClassInstance(JavaStep.java:311)
	at com.qmetry.qaf.automation.step.JavaStep.getStepProvider(JavaStep.java:190)
	at com.qmetry.qaf.automation.step.JavaStep.doExecute(JavaStep.java:153)
	at com.qmetry.qaf.automation.step.BaseTestStep.execute(BaseTestStep.java:149)
	at com.qmetry.qaf.automation.step.StringTestStep.execute(StringTestStep.java:134)
	at com.qmetry.qaf.automation.step.client.Scenario.execute(Scenario.java:167)
	at com.qmetry.qaf.automation.step.client.Scenario.scenario(Scenario.java:219)
]]>
            </full-stacktrace>
          </exception> <!-- com.qmetry.qaf.automation.core.AutomationError -->
          <reporter-output>
            <line>
              <![CDATA[<div style="display:block;margin-left:10px;"><div  class="teststepfail"><span class="teststepfail-label">T </span>Given i opened the application</div><div style="display:block;margin-left:10px;"><div  class="fail"><span class="fail-label">F </span>Timed out after 0 seconds: Unable to create driver instance in 1st attempt with retry timeout of 0 seconds. You can check/set value of 'driver.init.retry.timeout' appropriately to set retry timeout on driver initialization failure.
Failed to execute command handset open: Cannot open device C996B233C51A72F3E80DB75A7CB580F200F398E8 for user is_user1@infostretch.com, device is in use.
Command duration or timeout: 1.67 seconds
Build info: version: '2.53.0', revision: '35ae25b1534ae328c771e0856c93e187490ca824', time: '2016-03-15 10:43:46'
System info: host: 'ICPL12782', ip: '192.168.81.2', os.name: 'Windows 10', os.arch: 'amd64', os.version: '10.0', java.version: '1.8.0_161'
Driver info: com.qmetry.qaf.automation.ui.webdriver.QAFExtendedWebDriver</div></div><div  class="teststep"><span class="teststep-label">T </span>When Closing the application to restart</div><div  class="teststep"><span class="teststep-label">T </span>And User clicking on bus button</div><div  class="teststep"><span class="teststep-label">T </span>And User click on origin city</div><div  class="teststep"><span class="teststep-label">T </span>And User enter origin city</div><div  class="teststep"><span class="teststep-label">T </span>And User slelecting the origin city</div><div  class="teststep"><span class="teststep-label">T </span>And User clicking on the destination btn</div><div  class="teststep"><span class="teststep-label">T </span>And User entering destination city</div><div  class="teststep"><span class="teststep-label">T </span>Then User clicks on calendar btn</div><div  class="teststep"><span class="teststep-label">T </span>And User clicks buses search btn</div></div>]]>
            </line>
          </reporter-output>
        </test-method> <!-- BusBooking -->
        <test-method status="PASS" signature="afterMethod(org.testng.ITestContext, org.testng.ITestResult)[pri:0, instance:com.qmetry.qaf.automation.step.client.Scenario@3e8]" test-instance-name="BusBooking" name="afterMethod" is-config="true" duration-ms="1" started-at="2018-05-02T17:10:41Z" finished-at="2018-05-02T17:10:41Z">
          <params>
            <param index="0">
              <value>
                <![CDATA[org.testng.TestRunner@79b06cab]]>
              </value>
            </param>
            <param index="1">
              <value>
                <![CDATA[[TestResult name=BusBooking status=SKIP method=scenarios.BusBooking_Goibibo.bdd.BusBooking()[pri:1000, instance:com.qmetry.qaf.automation.step.client.Scenario@3e8] output=<div style="display:block;margin-left:10px;"><div  class="teststepfail"><span class="teststepfail-label">T </span>Given i opened the application</div><div style="display:block;margin-left:10px;"><div  class="fail"><span class="fail-label">F </span>Timed out after 0 seconds: Unable to create driver instance in 1st attempt with retry timeout of 0 seconds. You can check/set value of 'driver.init.retry.timeout' appropriately to set retry timeout on driver initialization failure.
Failed to execute command handset open: Cannot open device C996B233C51A72F3E80DB75A7CB580F200F398E8 for user is_user1@infostretch.com, device is in use.
Command duration or timeout: 1.67 seconds
Build info: version: '2.53.0', revision: '35ae25b1534ae328c771e0856c93e187490ca824', time: '2016-03-15 10:43:46'
System info: host: 'ICPL12782', ip: '192.168.81.2', os.name: 'Windows 10', os.arch: 'amd64', os.version: '10.0', java.version: '1.8.0_161'
Driver info: com.qmetry.qaf.automation.ui.webdriver.QAFExtendedWebDriver</div></div><div  class="teststep"><span class="teststep-label">T </span>When Closing the application to restart</div><div  class="teststep"><span class="teststep-label">T </span>And User clicking on bus button</div><div  class="teststep"><span class="teststep-label">T </span>And User click on origin city</div><div  class="teststep"><span class="teststep-label">T </span>And User enter origin city</div><div  class="teststep"><span class="teststep-label">T </span>And User slelecting the origin city</div><div  class="teststep"><span class="teststep-label">T </span>And User clicking on the destination btn</div><div  class="teststep"><span class="teststep-label">T </span>And User entering destination city</div><div  class="teststep"><span class="teststep-label">T </span>Then User clicks on calendar btn</div><div  class="teststep"><span class="teststep-label">T </span>And User clicks buses search btn</div></div>]]]>
              </value>
            </param>
          </params>
          <reporter-output>
          </reporter-output>
        </test-method> <!-- afterMethod -->
        <test-method status="PASS" signature="afterClass(org.testng.ITestContext)[pri:0, instance:com.qmetry.qaf.automation.step.client.Scenario@3e8]" test-instance-name="BusBooking" name="afterClass" is-config="true" duration-ms="1" started-at="2018-05-02T17:10:41Z" finished-at="2018-05-02T17:10:41Z">
          <params>
            <param index="0">
              <value>
                <![CDATA[org.testng.TestRunner@79b06cab]]>
              </value>
            </param>
          </params>
          <reporter-output>
          </reporter-output>
        </test-method> <!-- afterClass -->
        <test-method status="PASS" signature="afterTest(org.testng.ITestContext)[pri:0, instance:com.qmetry.qaf.automation.step.client.Scenario@3e8]" test-instance-name="BusBooking" name="afterTest" is-config="true" duration-ms="3" started-at="2018-05-02T17:10:41Z" finished-at="2018-05-02T17:10:41Z">
          <params>
            <param index="0">
              <value>
                <![CDATA[org.testng.TestRunner@79b06cab]]>
              </value>
            </param>
          </params>
          <reporter-output>
          </reporter-output>
        </test-method> <!-- afterTest -->
        <test-method status="PASS" signature="afterSuit(org.testng.ITestContext)[pri:0, instance:com.qmetry.qaf.automation.step.client.Scenario@3e8]" test-instance-name="BusBooking" name="afterSuit" is-config="true" duration-ms="2" started-at="2018-05-02T17:10:41Z" finished-at="2018-05-02T17:10:41Z">
          <params>
            <param index="0">
              <value>
                <![CDATA[org.testng.TestRunner@79b06cab]]>
              </value>
            </param>
          </params>
          <reporter-output>
          </reporter-output>
        </test-method> <!-- afterSuit -->
      </class> <!-- com.qmetry.qaf.automation.step.client.Scenario -->
    </test> <!-- BDD Test -->
  </suite> <!-- perfecto_assignment_team2.scenarios.BusBooking_Goibibo.bdd -->
</testng-results>
